  VarDeclaration.cpp
  DGProcLib.cpp
  DGController.cpp
  DGMath.cpp
  DGIOLib.cpp
c:\users\nam tran ha\google drive\code c++ for fun\dgproject\dg2dsolver\dg2dsolver\dgiolib.cpp(361): warning C4244: '=': conversion from 'double' to 'int', possible loss of data
  DGAuxUltilitiesLib.cpp
c:\users\nam tran ha\google drive\code c++ for fun\dgproject\dg2dsolver\dg2dsolver\dgauxultilitieslib.cpp(30): warning C4554: '&': check operator precedence for possible error; use parentheses to clarify precedence
c:\users\nam tran ha\google drive\code c++ for fun\dgproject\dg2dsolver\dg2dsolver\dgauxultilitieslib.cpp(35): warning C4554: '&': check operator precedence for possible error; use parentheses to clarify precedence
c:\users\nam tran ha\google drive\code c++ for fun\dgproject\dg2dsolver\dg2dsolver\dgauxultilitieslib.cpp(40): warning C4554: '&': check operator precedence for possible error; use parentheses to clarify precedence
c:\users\nam tran ha\google drive\code c++ for fun\dgproject\dg2dsolver\dg2dsolver\dgauxultilitieslib.cpp(45): warning C4554: '&': check operator precedence for possible error; use parentheses to clarify precedence
c:\users\nam tran ha\google drive\code c++ for fun\dgproject\dg2dsolver\dg2dsolver\dgauxultilitieslib.cpp(66): warning C4554: '&': check operator precedence for possible error; use parentheses to clarify precedence
c:\users\nam tran ha\google drive\code c++ for fun\dgproject\dg2dsolver\dg2dsolver\dgauxultilitieslib.cpp(71): warning C4554: '&': check operator precedence for possible error; use parentheses to clarify precedence
c:\users\nam tran ha\google drive\code c++ for fun\dgproject\dg2dsolver\dg2dsolver\dgauxultilitieslib.cpp(76): warning C4554: '&': check operator precedence for possible error; use parentheses to clarify precedence
  Generating Code...
cl : Command line warning D9028: minimal rebuild failure, reverting to normal build
  Compiling...
  ConstDeclaration.cpp
c:\users\nam tran ha\google drive\code c++ for fun\dgproject\dg2dsolver\dg2dsolver\constdeclaration.cpp : fatal error C1041: cannot open program database 'C:\Users\NAM TRAN Ha\Google Drive\Code C++ for fun\DGProject\DG2DSolver\DG2DSolver\Debug\DG2DSolver\vc141.idb'; if multiple CL.EXE write to the same .PDB file, please use /FS
  DG2D.cpp
c:\users\nam tran ha\google drive\code c++ for fun\dgproject\dg2dsolver\dg2dsolver\dg2d.cpp : fatal error C1041: cannot open program database 'C:\Users\NAM TRAN Ha\Google Drive\Code C++ for fun\DGProject\DG2DSolver\DG2DSolver\Debug\DG2DSolver\vc141.idb'; if multiple CL.EXE write to the same .PDB file, please use /FS
  DGMeshReaderLib.cpp
c:\users\nam tran ha\google drive\code c++ for fun\dgproject\dg2dsolver\dg2dsolver\dgmeshreaderlib.cpp : fatal error C1041: cannot open program database 'C:\Users\NAM TRAN Ha\Google Drive\Code C++ for fun\DGProject\DG2DSolver\DG2DSolver\Debug\DG2DSolver\vc141.idb'; if multiple CL.EXE write to the same .PDB file, please use /FS
  DGPostProcessLib.cpp
c:\users\nam tran ha\google drive\code c++ for fun\dgproject\dg2dsolver\dg2dsolver\dgpostprocesslib.cpp : fatal error C1041: cannot open program database 'C:\Users\NAM TRAN Ha\Google Drive\Code C++ for fun\DGProject\DG2DSolver\DG2DSolver\Debug\DG2DSolver\vc141.idb'; if multiple CL.EXE write to the same .PDB file, please use /FS
  Unv2DReader.cpp
c:\users\nam tran ha\google drive\code c++ for fun\dgproject\dg2dsolver\dg2dsolver\unv2dreader.cpp : fatal error C1041: cannot open program database 'C:\Users\NAM TRAN Ha\Google Drive\Code C++ for fun\DGProject\DG2DSolver\DG2DSolver\Debug\DG2DSolver\vc141.idb'; if multiple CL.EXE write to the same .PDB file, please use /FS
  Unv2DReaderLib.cpp
c:\users\nam tran ha\google drive\code c++ for fun\dgproject\dg2dsolver\dg2dsolver\unv2dreaderlib.cpp : fatal error C1041: cannot open program database 'C:\Users\NAM TRAN Ha\Google Drive\Code C++ for fun\DGProject\DG2DSolver\DG2DSolver\Debug\DG2DSolver\vc141.idb'; if multiple CL.EXE write to the same .PDB file, please use /FS
  Generating Code...
