d:\working\code c++ for fun\dgproject\dg2dsolver\dg2dsolver\x64\release\vardeclaration.obj
d:\working\code c++ for fun\dgproject\dg2dsolver\dg2dsolver\x64\release\dgproclib.obj
d:\working\code c++ for fun\dgproject\dg2dsolver\dg2dsolver\x64\release\dgpostprocesslib.obj
d:\working\code c++ for fun\dgproject\dg2dsolver\dg2dsolver\x64\release\dgmessageslib.obj
d:\working\code c++ for fun\dgproject\dg2dsolver\dg2dsolver\x64\release\dgmeshreaderlib.obj
d:\working\code c++ for fun\dgproject\dg2dsolver\dg2dsolver\x64\release\dgmath.obj
d:\working\code c++ for fun\dgproject\dg2dsolver\dg2dsolver\x64\release\dgiolib.obj
d:\working\code c++ for fun\dgproject\dg2dsolver\dg2dsolver\x64\release\dgcontroller.obj
d:\working\code c++ for fun\dgproject\dg2dsolver\dg2dsolver\x64\release\dgbcslib.obj
d:\working\code c++ for fun\dgproject\dg2dsolver\dg2dsolver\x64\release\dgauxultilitieslib.obj
d:\working\code c++ for fun\dgproject\dg2dsolver\dg2dsolver\x64\release\dg2d.obj
d:\working\code c++ for fun\dgproject\dg2dsolver\dg2dsolver\x64\release\constdeclaration.obj
d:\working\code c++ for fun\dgproject\dg2dsolver\dg2dsolver\x64\release\commandcheck.obj
d:\working\code c++ for fun\dgproject\dg2dsolver\x64\release\dg2dsolver.ipdb
d:\working\code c++ for fun\dgproject\dg2dsolver\x64\release\dg2dsolver.iobj
d:\working\code c++ for fun\dgproject\dg2dsolver\x64\release\dg2dsolver.exe
d:\working\code c++ for fun\dgproject\dg2dsolver\x64\release\dg2dsolver.pdb
d:\working\code c++ for fun\dgproject\dg2dsolver\dg2dsolver\x64\release\dg2dsolver.tlog\cl.command.1.tlog
d:\working\code c++ for fun\dgproject\dg2dsolver\dg2dsolver\x64\release\dg2dsolver.tlog\cl.read.1.tlog
d:\working\code c++ for fun\dgproject\dg2dsolver\dg2dsolver\x64\release\dg2dsolver.tlog\cl.write.1.tlog
d:\working\code c++ for fun\dgproject\dg2dsolver\dg2dsolver\x64\release\dg2dsolver.tlog\dg2dsolver.write.1u.tlog
d:\working\code c++ for fun\dgproject\dg2dsolver\dg2dsolver\x64\release\dg2dsolver.tlog\link.command.1.tlog
d:\working\code c++ for fun\dgproject\dg2dsolver\dg2dsolver\x64\release\dg2dsolver.tlog\link.read.1.tlog
d:\working\code c++ for fun\dgproject\dg2dsolver\dg2dsolver\x64\release\dg2dsolver.tlog\link.write.1.tlog
