c:\users\nam tran ha\google drive\code c++ for fun\dgproject\dg2dsolver\dg2dsolver\win32\debug\dg2dsolver\vc141.pdb
c:\users\nam tran ha\google drive\code c++ for fun\dgproject\dg2dsolver\dg2dsolver\win32\debug\dg2dsolver\vc141.idb
c:\users\nam tran ha\google drive\code c++ for fun\dgproject\dg2dsolver\dg2dsolver\win32\debug\dg2dsolver\vardeclaration.obj
c:\users\nam tran ha\google drive\code c++ for fun\dgproject\dg2dsolver\dg2dsolver\win32\debug\dg2dsolver\unv2dreaderlib.obj
c:\users\nam tran ha\google drive\code c++ for fun\dgproject\dg2dsolver\dg2dsolver\win32\debug\dg2dsolver\unv2dreader.obj
c:\users\nam tran ha\google drive\code c++ for fun\dgproject\dg2dsolver\dg2dsolver\win32\debug\dg2dsolver\dgproclib.obj
c:\users\nam tran ha\google drive\code c++ for fun\dgproject\dg2dsolver\dg2dsolver\win32\debug\dg2dsolver\dgpostprocesslib.obj
c:\users\nam tran ha\google drive\code c++ for fun\dgproject\dg2dsolver\dg2dsolver\win32\debug\dg2dsolver\dgmessageslib.obj
c:\users\nam tran ha\google drive\code c++ for fun\dgproject\dg2dsolver\dg2dsolver\win32\debug\dg2dsolver\dgmeshreaderlib.obj
c:\users\nam tran ha\google drive\code c++ for fun\dgproject\dg2dsolver\dg2dsolver\win32\debug\dg2dsolver\dgmath.obj
c:\users\nam tran ha\google drive\code c++ for fun\dgproject\dg2dsolver\dg2dsolver\win32\debug\dg2dsolver\dgiolib.obj
c:\users\nam tran ha\google drive\code c++ for fun\dgproject\dg2dsolver\dg2dsolver\win32\debug\dg2dsolver\dgcontroller.obj
c:\users\nam tran ha\google drive\code c++ for fun\dgproject\dg2dsolver\dg2dsolver\win32\debug\dg2dsolver\dgauxultilitieslib.obj
c:\users\nam tran ha\google drive\code c++ for fun\dgproject\dg2dsolver\dg2dsolver\win32\debug\dg2dsolver\dg2d.obj
c:\users\nam tran ha\google drive\code c++ for fun\dgproject\dg2dsolver\dg2dsolver\win32\debug\dg2dsolver\constdeclaration.obj
c:\users\nam tran ha\google drive\code c++ for fun\dgproject\dg2dsolver\dg2dsolver\win32\debug\dg2dsolver\commandcheck.obj
c:\users\nam tran ha\google drive\code c++ for fun\dgproject\dg2dsolver\debug\dg2dsolver.exe
c:\users\nam tran ha\google drive\code c++ for fun\dgproject\dg2dsolver\debug\dg2dsolver.ilk
c:\users\nam tran ha\google drive\code c++ for fun\dgproject\dg2dsolver\debug\dg2dsolver.pdb
c:\users\nam tran ha\google drive\code c++ for fun\dgproject\dg2dsolver\dg2dsolver\win32\debug\dg2dsolver\dg2dsolver.tlog\cl.command.1.tlog
c:\users\nam tran ha\google drive\code c++ for fun\dgproject\dg2dsolver\dg2dsolver\win32\debug\dg2dsolver\dg2dsolver.tlog\cl.read.1.tlog
c:\users\nam tran ha\google drive\code c++ for fun\dgproject\dg2dsolver\dg2dsolver\win32\debug\dg2dsolver\dg2dsolver.tlog\cl.write.1.tlog
c:\users\nam tran ha\google drive\code c++ for fun\dgproject\dg2dsolver\dg2dsolver\win32\debug\dg2dsolver\dg2dsolver.tlog\link.command.1.tlog
c:\users\nam tran ha\google drive\code c++ for fun\dgproject\dg2dsolver\dg2dsolver\win32\debug\dg2dsolver\dg2dsolver.tlog\link.read.1.tlog
c:\users\nam tran ha\google drive\code c++ for fun\dgproject\dg2dsolver\dg2dsolver\win32\debug\dg2dsolver\dg2dsolver.tlog\link.write.1.tlog
