d:\working\code c++ for fun\dgproject\dg2dsolver\dg2dsolver\x64\debug\dg2dsolver\vc141.pdb
d:\working\code c++ for fun\dgproject\dg2dsolver\dg2dsolver\x64\debug\dg2dsolver\vc141.idb
d:\working\code c++ for fun\dgproject\dg2dsolver\dg2dsolver\x64\debug\dg2dsolver\vardeclaration.obj
d:\working\code c++ for fun\dgproject\dg2dsolver\dg2dsolver\x64\debug\dg2dsolver\dynamicvardeclaration.obj
d:\working\code c++ for fun\dgproject\dg2dsolver\dg2dsolver\x64\debug\dg2dsolver\dgproclib.obj
d:\working\code c++ for fun\dgproject\dg2dsolver\dg2dsolver\x64\debug\dg2dsolver\dgpostprocesslib.obj
d:\working\code c++ for fun\dgproject\dg2dsolver\dg2dsolver\x64\debug\dg2dsolver\dgmessageslib.obj
d:\working\code c++ for fun\dgproject\dg2dsolver\dg2dsolver\x64\debug\dg2dsolver\dgmeshreaderlib.obj
d:\working\code c++ for fun\dgproject\dg2dsolver\dg2dsolver\x64\debug\dg2dsolver\dgmath.obj
d:\working\code c++ for fun\dgproject\dg2dsolver\dg2dsolver\x64\debug\dg2dsolver\dglimiterlib.obj
d:\working\code c++ for fun\dgproject\dg2dsolver\dg2dsolver\x64\debug\dg2dsolver\dgiolib.obj
d:\working\code c++ for fun\dgproject\dg2dsolver\dg2dsolver\x64\debug\dg2dsolver\dgcontroller.obj
d:\working\code c++ for fun\dgproject\dg2dsolver\dg2dsolver\x64\debug\dg2dsolver\dgbcslib.obj
d:\working\code c++ for fun\dgproject\dg2dsolver\dg2dsolver\x64\debug\dg2dsolver\dgauxultilitieslib.obj
d:\working\code c++ for fun\dgproject\dg2dsolver\dg2dsolver\x64\debug\dg2dsolver\dg2d.obj
d:\working\code c++ for fun\dgproject\dg2dsolver\dg2dsolver\x64\debug\dg2dsolver\constdeclaration.obj
d:\working\code c++ for fun\dgproject\dg2dsolver\dg2dsolver\x64\debug\dg2dsolver\commandcheck.obj
d:\working\code c++ for fun\dgproject\dg2dsolver\x64\debug\dg2dsolver.ilk
d:\working\code c++ for fun\dgproject\dg2dsolver\x64\debug\dg2dsolver.exe
d:\working\code c++ for fun\dgproject\dg2dsolver\x64\debug\dg2dsolver.pdb
d:\working\code c++ for fun\dgproject\dg2dsolver\dg2dsolver\x64\debug\dg2dsolver\dg2dsolver.tlog\cl.command.1.tlog
d:\working\code c++ for fun\dgproject\dg2dsolver\dg2dsolver\x64\debug\dg2dsolver\dg2dsolver.tlog\cl.read.1.tlog
d:\working\code c++ for fun\dgproject\dg2dsolver\dg2dsolver\x64\debug\dg2dsolver\dg2dsolver.tlog\cl.write.1.tlog
d:\working\code c++ for fun\dgproject\dg2dsolver\dg2dsolver\x64\debug\dg2dsolver\dg2dsolver.tlog\link.command.1.tlog
d:\working\code c++ for fun\dgproject\dg2dsolver\dg2dsolver\x64\debug\dg2dsolver\dg2dsolver.tlog\link.read.1.tlog
d:\working\code c++ for fun\dgproject\dg2dsolver\dg2dsolver\x64\debug\dg2dsolver\dg2dsolver.tlog\link.write.1.tlog
