  CommandCheck.cpp
  ConstDeclaration.cpp
  DG2D.cpp
  DGAuxUltilitiesLib.cpp
  DGBCsLib.cpp
  DGController.cpp
d:\tl cua google drive\code c++ for fun\dgproject\dg2dsolver\dg2dsolver\dgcontroller.cpp(56): warning C4551: function call missing argument list
  DGIOLib.cpp
d:\tl cua google drive\code c++ for fun\dgproject\dg2dsolver\dg2dsolver\dgiolib.cpp(45): warning C4267: 'initializing': conversion from 'size_t' to 'int', possible loss of data
d:\tl cua google drive\code c++ for fun\dgproject\dg2dsolver\dg2dsolver\dgiolib.cpp(161): warning C4267: 'initializing': conversion from 'size_t' to 'int', possible loss of data
d:\tl cua google drive\code c++ for fun\dgproject\dg2dsolver\dg2dsolver\dgiolib.cpp(432): warning C4267: 'initializing': conversion from 'size_t' to 'int', possible loss of data
d:\tl cua google drive\code c++ for fun\dgproject\dg2dsolver\dg2dsolver\dgiolib.cpp(536): warning C4267: 'initializing': conversion from 'size_t' to 'int', possible loss of data
d:\tl cua google drive\code c++ for fun\dgproject\dg2dsolver\dg2dsolver\dgiolib.cpp(679): warning C4267: 'initializing': conversion from 'size_t' to 'int', possible loss of data
d:\tl cua google drive\code c++ for fun\dgproject\dg2dsolver\dg2dsolver\dgiolib.cpp(758): warning C4267: 'initializing': conversion from 'size_t' to 'int', possible loss of data
  DGMath.cpp
d:\tl cua google drive\code c++ for fun\dgproject\dg2dsolver\dg2dsolver\dgmath.cpp(606): warning C4267: 'initializing': conversion from 'size_t' to 'int', possible loss of data
  DGMeshReaderLib.cpp
  DGMessagesLib.cpp
  DGPostProcessLib.cpp
  DGProcLib.cpp
  VarDeclaration.cpp
  Generating Code...
  DG2DSolver.vcxproj -> D:\TL cua Google drive\Code C++ for fun\DGProject\DG2DSolver\x64\Debug\DG2DSolver.exe
