c:\users\nam tran ha\google drive\code c++ for fun\dgproject\dg2dsolver\dg2dsolver\release\vc141.pdb
c:\users\nam tran ha\google drive\code c++ for fun\dgproject\dg2dsolver\dg2dsolver\release\vardeclaration.obj
c:\users\nam tran ha\google drive\code c++ for fun\dgproject\dg2dsolver\dg2dsolver\release\unv2dreaderlib.obj
c:\users\nam tran ha\google drive\code c++ for fun\dgproject\dg2dsolver\dg2dsolver\release\unv2dreader.obj
c:\users\nam tran ha\google drive\code c++ for fun\dgproject\dg2dsolver\dg2dsolver\release\dgproclib.obj
c:\users\nam tran ha\google drive\code c++ for fun\dgproject\dg2dsolver\dg2dsolver\release\dgpostprocesslib.obj
c:\users\nam tran ha\google drive\code c++ for fun\dgproject\dg2dsolver\dg2dsolver\release\dgmessageslib.obj
c:\users\nam tran ha\google drive\code c++ for fun\dgproject\dg2dsolver\dg2dsolver\release\dgmeshreaderlib.obj
c:\users\nam tran ha\google drive\code c++ for fun\dgproject\dg2dsolver\dg2dsolver\release\dgmath.obj
c:\users\nam tran ha\google drive\code c++ for fun\dgproject\dg2dsolver\dg2dsolver\release\dgiolib.obj
c:\users\nam tran ha\google drive\code c++ for fun\dgproject\dg2dsolver\dg2dsolver\release\dgcontroller.obj
c:\users\nam tran ha\google drive\code c++ for fun\dgproject\dg2dsolver\dg2dsolver\release\dgauxultilitieslib.obj
c:\users\nam tran ha\google drive\code c++ for fun\dgproject\dg2dsolver\dg2dsolver\release\dg2d.obj
c:\users\nam tran ha\google drive\code c++ for fun\dgproject\dg2dsolver\dg2dsolver\release\constdeclaration.obj
c:\users\nam tran ha\google drive\code c++ for fun\dgproject\dg2dsolver\dg2dsolver\release\commandcheck.obj
c:\users\nam tran ha\google drive\code c++ for fun\dgproject\dg2dsolver\release\dg2dsolver.ipdb
c:\users\nam tran ha\google drive\code c++ for fun\dgproject\dg2dsolver\release\dg2dsolver.iobj
c:\users\nam tran ha\google drive\code c++ for fun\dgproject\dg2dsolver\release\dg2dsolver.exe
c:\users\nam tran ha\google drive\code c++ for fun\dgproject\dg2dsolver\release\dg2dsolver.pdb
c:\users\nam tran ha\google drive\code c++ for fun\dgproject\dg2dsolver\dg2dsolver\release\dg2dsolver.tlog\cl.command.1.tlog
c:\users\nam tran ha\google drive\code c++ for fun\dgproject\dg2dsolver\dg2dsolver\release\dg2dsolver.tlog\cl.read.1.tlog
c:\users\nam tran ha\google drive\code c++ for fun\dgproject\dg2dsolver\dg2dsolver\release\dg2dsolver.tlog\cl.write.1.tlog
c:\users\nam tran ha\google drive\code c++ for fun\dgproject\dg2dsolver\dg2dsolver\release\dg2dsolver.tlog\dg2dsolver.write.1u.tlog
c:\users\nam tran ha\google drive\code c++ for fun\dgproject\dg2dsolver\dg2dsolver\release\dg2dsolver.tlog\link.command.1.tlog
c:\users\nam tran ha\google drive\code c++ for fun\dgproject\dg2dsolver\dg2dsolver\release\dg2dsolver.tlog\link.read.1.tlog
c:\users\nam tran ha\google drive\code c++ for fun\dgproject\dg2dsolver\dg2dsolver\release\dg2dsolver.tlog\link.write.1.tlog
